La génération a démarré 29/11/2017 12:50:26.
     1>Projet "C:\Users\Robin\Documents\GitHub\Discrete-system\Discrete-system\Discrete system\Discrete system.vcxproj" sur le nœud 2 (Rebuild cible(s)).
     1>ClCompile:
         I:\Visual Studio\VC\bin\CL.exe /c /ZI /nologo /W3 /WX- /sdl /Od /Oy- /D WIN32 /D _DEBUG /D _CONSOLE /D _LIB /D _CRT_SECURE_NO_WARNINGS /D _UNICODE /D UNICODE /Gm /EHsc /RTC1 /MDd /GS /fp:precise /Zc:wchar_t /Zc:forScope /Fo"Debug\\" /Fd"Debug\vc120.pdb" /Gd /TP /analyze- /errorReport:prompt DynamicArray.cpp FCTLoop.cpp Polynome.cpp FCTDiscret.cpp init.cpp main.cpp mainLoop.cpp SYSETATDiscret.cpp
         SYSETATDiscret.cpp
         mainLoop.cpp
         main.cpp
         init.cpp
         FCTDiscret.cpp
     1>c:\users\robin\documents\github\discrete-system\discrete-system\discrete system\fctdiscret.cpp(59): error C3867: &'FCTDiscret::GETnum' : liste d'arguments manquante dans l'appel de fonction ; utilisez 'FCTDiscret::GETnum' pour créer un pointeur vers membre
     1>c:\users\robin\documents\github\discrete-system\discrete-system\discrete system\fctdiscret.cpp(60): error C3867: &'FCTDiscret::GETden' : liste d'arguments manquante dans l'appel de fonction ; utilisez 'FCTDiscret::GETden' pour créer un pointeur vers membre
         Polynome.cpp
     1>c:\users\robin\documents\github\discrete-system\discrete-system\discrete system\polynome.cpp(136): warning C4018: '<' : incompatibilité signed/unsigned
     1>c:\users\robin\documents\github\discrete-system\discrete-system\discrete system\polynome.cpp(137): warning C4018: '<' : incompatibilité signed/unsigned
         FCTLoop.cpp
         DynamicArray.cpp
         Génération de code en cours...
     1>c:\users\robin\documents\github\discrete-system\discrete-system\discrete system\polynome.cpp(75): warning C4715: 'Polynome::GETcoefTab' : les chemins de contrôle ne retournent pas tous une valeur
     1>c:\users\robin\documents\github\discrete-system\discrete-system\discrete system\polynome.cpp(117): warning C4715: 'Polynome::addition' : les chemins de contrôle ne retournent pas tous une valeur
     1>Génération du projet "C:\Users\Robin\Documents\GitHub\Discrete-system\Discrete-system\Discrete system\Discrete system.vcxproj" terminée (Rebuild cible(s)) -- ÉCHEC.

ÉCHEC de la build.

Temps écoulé 00:00:03.70
